2024-01-15 10:00:01 INFO Application started
2024-01-15 10:00:05 INFO User login successful
2024-01-15 10:00:10 WARN Slow database response
2024-01-15 10:00:15 ERROR Database connection failed
2024-01-15 10:00:20 INFO Retrying connection
2024-01-15 10:00:25 ERROR Database connection failed
2024-01-15 10:00:30 ERROR Database connection failed
2024-01-15 10:00:35 WARN High memory usage
2024-01-15 10:00:40 INFO Scheduled job started
2024-01-15 10:00:45 ERROR API timeout
2024-01-15 10:00:50 INFO Job retrying
2024-01-15 10:00:55 WARN Cache miss
2024-01-15 10:01:00 ERROR Payment service unavailable
2024-01-15 10:01:05 ERROR Payment service unavailable
2024-01-15 10:01:10 INFO Payment retry success
2024-01-15 10:01:15 WARN Disk nearing capacity
2024-01-15 10:01:20 INFO Cleanup started
2024-01-15 10:01:25 ERROR File write failed
2024-01-15 10:01:30 ERROR File write failed
2024-01-15 10:01:35 INFO Recovery attempt
2024-01-15 10:01:40 WARN Network latency high
2024-01-15 10:01:45 ERROR External API failure
2024-01-15 10:01:50 INFO Retry scheduled
2024-01-15 10:01:55 ERROR External API failure
2024-01-15 10:02:00 INFO Background job finished
2024-01-15 10:02:05 WARN CPU usage high
2024-01-15 10:02:10 ERROR Authentication failed
2024-01-15 10:02:15 INFO User logout
2024-01-15 10:02:20 ERROR Authentication failed
2024-01-15 10:02:25 INFO System stable